<html>
<head>
<title>TestNG:  Default test</title>
<link href="../testng.css" rel="stylesheet" type="text/css" />
<link href="../my-testng.css" rel="stylesheet" type="text/css" />

<style type="text/css">
.log { display: none;} 
.stack-trace { display: none;} 
</style>
<script type="text/javascript">
<!--
function flip(e) {
  current = e.style.display;
  if (current == 'block') {
    e.style.display = 'none';
    return 0;
  }
  else {
    e.style.display = 'block';
    return 1;
  }
}

function toggleBox(szDivId, elem, msg1, msg2)
{
  var res = -1;  if (document.getElementById) {
    res = flip(document.getElementById(szDivId));
  }
  else if (document.all) {
    // this is the way old msie versions work
    res = flip(document.all[szDivId]);
  }
  if(elem) {
    if(res == 0) elem.innerHTML = msg1; else elem.innerHTML = msg2;
  }

}

function toggleAllBoxes() {
  if (document.getElementsByTagName) {
    d = document.getElementsByTagName('div');
    for (i = 0; i < d.length; i++) {
      if (d[i].className == 'log') {
        flip(d[i]);
      }
    }
  }
}

// -->
</script>

</head>
<body>
<h2 align='center'>Default test</h2><table border='1' align="center">
<tr>
<td>Tests passed/Failed/Skipped:</td><td>6/7/0</td>
</tr><tr>
<td>Started on:</td><td>Sun Jun 12 22:14:12 IST 2022</td>
</tr>
<tr><td>Total time:</td><td>382 seconds (382625 ms)</td>
</tr><tr>
<td>Included groups:</td><td></td>
</tr><tr>
<td>Excluded groups:</td><td></td>
</tr>
</table><p/>
<small><i>(Hover the method name to see the test class name)</i></small><p/>
<table width='100%' border='1' class='invocation-failed'>
<tr><td colspan='4' align='center'><b>FAILED CONFIGURATIONS</b></td></tr>
<tr><td><b>Test method</b></td>
<td width="30%"><b>Exception</b></td>
<td width="10%"><b>Time (seconds)</b></td>
<td><b>Instance</b></td>
</tr>
<tr>
<td title='parallel.ParallelRun.tearDownClass()'><b>tearDownClass</b><br>Test class: parallel.ParallelRun</td>
<td><div><pre>java.lang.NoSuchMethodError: &apos;void org.apache.pdfbox.pdmodel.interactive.annotation.PDAnnotation.constructAppearances()&apos;
	at org.vandeseer.easytable.drawing.cell.ParagraphCellDrawer.drawContent(ParagraphCellDrawer.java:57)
	at org.vandeseer.easytable.TableDrawer.lambda$new$0(TableDrawer.java:61)
	at org.vandeseer.easytable.TableDrawer.drawRow(TableDrawer.java:170)
	at org.vandeseer.easytable.TableDrawer.drawWithFunction(TableDrawer.java:153)
	at org.vandeseer.easytable.TableDrawer.lambda$drawPage$1(TableDrawer.java:83)
	at java.base/java.lang.Iterable.forEach(Iterable.java:75)
	at org.vandeseer.easytable.TableDrawer.drawPage(TableDrawer.java:82)
	at org.vandeseer.easytable.TableDrawer.draw(TableDrawer.java:78)
	at tech.grasshopper.pdf.chapter.detailed.DetailedRowComponent.display(DetailedRowComponent.java:90)
	at tech.grasshopper.pdf.chapter.detailed.DetailedPage.lambda$0(DetailedPage.java:42)
	at java.base/java.util.ArrayList.forEach(ArrayList.java:1511)
	at tech.grasshopper.pdf.chapter.detailed.DetailedPage.createPage(DetailedPage.java:39)
	at tech.grasshopper.pdf.chapter.detailed.DetailedChapter.sendToPage(DetailedChapter.java:115)
	at tech.grasshopper.pdf.chapter.detailed.DetailedChapter.createAndSendPageData(DetailedChapter.java:50)
	at tech.grasshopper.pdf.chapter.detailed.DetailedChapter.createChapter(DetailedChapter.java:28)
	at tech.grasshopper.pdf.PDFCucumberReport.lambda$0(PDFCucumberReport.java:100)
	at java.base/java.util.ArrayList.forEach(ArrayList.java:1511)
	at tech.grasshopper.pdf.PDFCucumberReport.createReport(PDFCucumberReport.java:100)
	at tech.grasshopper.pdf.extent.ExtentPDFCucumberReporter.flush(ExtentPDFCucumberReporter.java:66)
	at tech.grasshopper.pdf.extent.ExtentPDFCucumberReporter.access$1(ExtentPDFCucumberReporter.java:57)
	at tech.grasshopper.pdf.extent.ExtentPDFCucumberReporter$1.onNext(ExtentPDFCucumberReporter.java:42)
	at tech.grasshopper.pdf.extent.ExtentPDFCucumberReporter$1.onNext(ExtentPDFCucumberReporter.java:1)
	at io.reactivex.rxjava3.subjects.PublishSubject$PublishDisposable.onNext(PublishSubject.java:310)
	at io.reactivex.rxjava3.subjects.PublishSubject.onNext(PublishSubject.java:226)
	at com.aventstack.extentreports.ReactiveSubject.onFlush(ReactiveSubject.java:83)
	at com.aventstack.extentreports.AbstractProcessor.onFlush(AbstractProcessor.java:85)
	at com.aventstack.extentreports.ExtentReports.flush(ExtentReports.java:284)
	at com.aventstack.extentreports.cucumber.adapter.ExtentCucumberAdapter.finishReport(ExtentCucumberAdapter.java:296)
	at com.aventstack.extentreports.cucumber.adapter.ExtentCucumberAdapter.access$6(ExtentCucumberAdapter.java:295)
	at com.aventstack.extentreports.cucumber.adapter.ExtentCucumberAdapter$8.receive(ExtentCucumberAdapter.java:132)
	at com.aventstack.extentreports.cucumber.adapter.ExtentCucumberAdapter$8.receive(ExtentCucumberAdapter.java:1)
	at io.cucumber.core.eventbus.AbstractEventPublisher.send(AbstractEventPublisher.java:51)
	at io.cucumber.core.eventbus.AbstractEventBus.send(AbstractEventBus.java:12)
	at io.cucumber.core.runtime.CucumberExecutionContext.emitTestRunFinished(CucumberExecutionContext.java:93)
	at io.cucumber.core.runtime.CucumberExecutionContext.finishTestRun(CucumberExecutionContext.java:74)
	at io.cucumber.testng.TestNGCucumberRunner.finish(TestNGCucumberRunner.java:126)
	at io.cucumber.testng.AbstractTestNGCucumberTests.tearDownClass(AbstractTestNGCucumberTests.java:53)
	at java.base/jdk.internal.reflect.NativeMethodAccessorImpl.invoke0(Native Method)
	at java.base/jdk.internal.reflect.NativeMethodAccessorImpl.invoke(NativeMethodAccessorImpl.java:78)
	at java.base/jdk.internal.reflect.DelegatingMethodAccessorImpl.invoke(DelegatingMethodAccessorImpl.java:43)
	at java.base/java.lang.reflect.Method.invoke(Method.java:567)
	at org.testng.internal.MethodInvocationHelper.invokeMethod(MethodInvocationHelper.java:124)
	at org.testng.internal.MethodInvocationHelper.invokeMethodConsideringTimeout(MethodInvocationHelper.java:59)
	at org.testng.internal.Invoker.invokeConfigurationMethod(Invoker.java:458)
	at org.testng.internal.Invoker.invokeConfigurations(Invoker.java:222)
	at org.testng.internal.Invoker.invokeConfigurations(Invoker.java:142)
	at org.testng.internal.TestMethodWorker.invokeAfterClassMethods(TestMethodWorker.java:214)
	at org.testng.internal.TestMethodWorker.run(TestMethodWorker.java:111)
	at org.testng.TestRunner.privateRun(TestRunner.java:648)
	at org.testng.TestRunner.run(TestRunner.java:505)
	at org.testng.SuiteRunner.runTest(SuiteRunner.java:455)
	at org.testng.SuiteRunner.runSequentially(SuiteRunner.java:450)
	at org.testng.SuiteRunner.privateRun(SuiteRunner.java:415)
	at org.testng.SuiteRunner.run(SuiteRunner.java:364)
	at org.testng.SuiteRunnerWorker.runSuite(SuiteRunnerWorker.java:52)
	at org.testng.SuiteRunnerWorker.run(SuiteRunnerWorker.java:84)
	at org.testng.TestNG.runSuitesSequentially(TestNG.java:1208)
	at org.testng.TestNG.runSuitesLocally(TestNG.java:1137)
	at org.testng.TestNG.runSuites(TestNG.java:1049)
	at org.testng.TestNG.run(TestNG.java:1017)
	at org.testng.remote.AbstractRemoteTestNG.run(AbstractRemoteTestNG.java:115)
	at org.testng.remote.RemoteTestNG.initAndRun(RemoteTestNG.java:251)
	at org.testng.remote.RemoteTestNG.main(RemoteTestNG.java:77)
</pre></div><a href='#' onClick='toggleBox("stack-trace111819772", this, "Click to show all stack frames", "Click to hide stack frames")'>Click to show all stack frames</a>
<div class='stack-trace' id='stack-trace111819772'><pre>java.lang.NoSuchMethodError: &apos;void org.apache.pdfbox.pdmodel.interactive.annotation.PDAnnotation.constructAppearances()&apos;
	at org.vandeseer.easytable.drawing.cell.ParagraphCellDrawer.drawContent(ParagraphCellDrawer.java:57)
	at org.vandeseer.easytable.TableDrawer.lambda$new$0(TableDrawer.java:61)
	at org.vandeseer.easytable.TableDrawer.drawRow(TableDrawer.java:170)
	at org.vandeseer.easytable.TableDrawer.drawWithFunction(TableDrawer.java:153)
	at org.vandeseer.easytable.TableDrawer.lambda$drawPage$1(TableDrawer.java:83)
	at java.base/java.lang.Iterable.forEach(Iterable.java:75)
	at org.vandeseer.easytable.TableDrawer.drawPage(TableDrawer.java:82)
	at org.vandeseer.easytable.TableDrawer.draw(TableDrawer.java:78)
	at tech.grasshopper.pdf.chapter.detailed.DetailedRowComponent.display(DetailedRowComponent.java:90)
	at tech.grasshopper.pdf.chapter.detailed.DetailedPage.lambda$0(DetailedPage.java:42)
	at java.base/java.util.ArrayList.forEach(ArrayList.java:1511)
	at tech.grasshopper.pdf.chapter.detailed.DetailedPage.createPage(DetailedPage.java:39)
	at tech.grasshopper.pdf.chapter.detailed.DetailedChapter.sendToPage(DetailedChapter.java:115)
	at tech.grasshopper.pdf.chapter.detailed.DetailedChapter.createAndSendPageData(DetailedChapter.java:50)
	at tech.grasshopper.pdf.chapter.detailed.DetailedChapter.createChapter(DetailedChapter.java:28)
	at tech.grasshopper.pdf.PDFCucumberReport.lambda$0(PDFCucumberReport.java:100)
	at java.base/java.util.ArrayList.forEach(ArrayList.java:1511)
	at tech.grasshopper.pdf.PDFCucumberReport.createReport(PDFCucumberReport.java:100)
	at tech.grasshopper.pdf.extent.ExtentPDFCucumberReporter.flush(ExtentPDFCucumberReporter.java:66)
	at tech.grasshopper.pdf.extent.ExtentPDFCucumberReporter.access$1(ExtentPDFCucumberReporter.java:57)
	at tech.grasshopper.pdf.extent.ExtentPDFCucumberReporter$1.onNext(ExtentPDFCucumberReporter.java:42)
	at tech.grasshopper.pdf.extent.ExtentPDFCucumberReporter$1.onNext(ExtentPDFCucumberReporter.java:1)
	at io.reactivex.rxjava3.subjects.PublishSubject$PublishDisposable.onNext(PublishSubject.java:310)
	at io.reactivex.rxjava3.subjects.PublishSubject.onNext(PublishSubject.java:226)
	at com.aventstack.extentreports.ReactiveSubject.onFlush(ReactiveSubject.java:83)
	at com.aventstack.extentreports.AbstractProcessor.onFlush(AbstractProcessor.java:85)
	at com.aventstack.extentreports.ExtentReports.flush(ExtentReports.java:284)
	at com.aventstack.extentreports.cucumber.adapter.ExtentCucumberAdapter.finishReport(ExtentCucumberAdapter.java:296)
	at com.aventstack.extentreports.cucumber.adapter.ExtentCucumberAdapter.access$6(ExtentCucumberAdapter.java:295)
	at com.aventstack.extentreports.cucumber.adapter.ExtentCucumberAdapter$8.receive(ExtentCucumberAdapter.java:132)
	at com.aventstack.extentreports.cucumber.adapter.ExtentCucumberAdapter$8.receive(ExtentCucumberAdapter.java:1)
	at io.cucumber.core.eventbus.AbstractEventPublisher.send(AbstractEventPublisher.java:51)
	at io.cucumber.core.eventbus.AbstractEventBus.send(AbstractEventBus.java:12)
	at io.cucumber.core.runtime.CucumberExecutionContext.emitTestRunFinished(CucumberExecutionContext.java:93)
	at io.cucumber.core.runtime.CucumberExecutionContext.finishTestRun(CucumberExecutionContext.java:74)
	at io.cucumber.testng.TestNGCucumberRunner.finish(TestNGCucumberRunner.java:126)
	at io.cucumber.testng.AbstractTestNGCucumberTests.tearDownClass(AbstractTestNGCucumberTests.java:53)
	at java.base/jdk.internal.reflect.NativeMethodAccessorImpl.invoke0(Native Method)
	at java.base/jdk.internal.reflect.NativeMethodAccessorImpl.invoke(NativeMethodAccessorImpl.java:78)
	at java.base/jdk.internal.reflect.DelegatingMethodAccessorImpl.invoke(DelegatingMethodAccessorImpl.java:43)
	at java.base/java.lang.reflect.Method.invoke(Method.java:567)
	at org.testng.internal.MethodInvocationHelper.invokeMethod(MethodInvocationHelper.java:124)
	at org.testng.internal.MethodInvocationHelper.invokeMethodConsideringTimeout(MethodInvocationHelper.java:59)
	at org.testng.internal.Invoker.invokeConfigurationMethod(Invoker.java:458)
	at org.testng.internal.Invoker.invokeConfigurations(Invoker.java:222)
	at org.testng.internal.Invoker.invokeConfigurations(Invoker.java:142)
	at org.testng.internal.TestMethodWorker.invokeAfterClassMethods(TestMethodWorker.java:214)
	at org.testng.internal.TestMethodWorker.run(TestMethodWorker.java:111)
	at org.testng.TestRunner.privateRun(TestRunner.java:648)
	at org.testng.TestRunner.run(TestRunner.java:505)
	at org.testng.SuiteRunner.runTest(SuiteRunner.java:455)
	at org.testng.SuiteRunner.runSequentially(SuiteRunner.java:450)
	at org.testng.SuiteRunner.privateRun(SuiteRunner.java:415)
	at org.testng.SuiteRunner.run(SuiteRunner.java:364)
	at org.testng.SuiteRunnerWorker.runSuite(SuiteRunnerWorker.java:52)
	at org.testng.SuiteRunnerWorker.run(SuiteRunnerWorker.java:84)
	at org.testng.TestNG.runSuitesSequentially(TestNG.java:1208)
	at org.testng.TestNG.runSuitesLocally(TestNG.java:1137)
	at org.testng.TestNG.runSuites(TestNG.java:1049)
	at org.testng.TestNG.run(TestNG.java:1017)
	at org.testng.remote.AbstractRemoteTestNG.run(AbstractRemoteTestNG.java:115)
	at org.testng.remote.RemoteTestNG.initAndRun(RemoteTestNG.java:251)
	at org.testng.remote.RemoteTestNG.main(RemoteTestNG.java:77)
</pre></div></td>
<td>6</td>
<td>parallel.ParallelRun@78e4deb0</td></tr>
</table><p>
<table width='100%' border='1' class='invocation-failed'>
<tr><td colspan='4' align='center'><b>FAILED TESTS</b></td></tr>
<tr><td><b>Test method</b></td>
<td width="30%"><b>Exception</b></td>
<td width="10%"><b>Time (seconds)</b></td>
<td><b>Instance</b></td>
</tr>
<tr>
<td title='parallel.ParallelRun.runScenario()'><b>runScenario</b><br>Test class: parallel.ParallelRun<br>Test method: Runs Cucumber Scenarios<br>Parameters: "Contact Us scenario with different set of data", "Optional[Contact Us Feature]"</td>
<td><div><pre>java.io.FileNotFoundException: /Users/naveenautomationlabs/Desktop/automation.xlsx
	at org.apache.poi.ss.usermodel.WorkbookFactory.create(WorkbookFactory.java:317)
	at org.apache.poi.ss.usermodel.WorkbookFactory.create(WorkbookFactory.java:295)
	at org.apache.poi.ss.usermodel.WorkbookFactory.create(WorkbookFactory.java:276)
	at com.qa.util.ExcelReader.getWorkBook(ExcelReader.java:44)
	at com.qa.util.ExcelReader.getSheetByName(ExcelReader.java:34)
	at com.qa.util.ExcelReader.getData(ExcelReader.java:23)
	at parallel.ContactUsSteps.user_fills_the_form_from_given_sheetname_and_rownumber(ContactUsSteps.java:32)
	at ✽.user fills the form from given sheetname &quot;contactus&quot; and rownumber 0(file:///Users/anilmore/eclipse-workspace/NaveenCucumber/src/test/resources/parallel/ContactUs.feature:5)
</pre></div><a href='#' onClick='toggleBox("stack-trace1559297996", this, "Click to show all stack frames", "Click to hide stack frames")'>Click to show all stack frames</a>
<div class='stack-trace' id='stack-trace1559297996'><pre>java.io.FileNotFoundException: /Users/naveenautomationlabs/Desktop/automation.xlsx
	at org.apache.poi.ss.usermodel.WorkbookFactory.create(WorkbookFactory.java:317)
	at org.apache.poi.ss.usermodel.WorkbookFactory.create(WorkbookFactory.java:295)
	at org.apache.poi.ss.usermodel.WorkbookFactory.create(WorkbookFactory.java:276)
	at com.qa.util.ExcelReader.getWorkBook(ExcelReader.java:44)
	at com.qa.util.ExcelReader.getSheetByName(ExcelReader.java:34)
	at com.qa.util.ExcelReader.getData(ExcelReader.java:23)
	at parallel.ContactUsSteps.user_fills_the_form_from_given_sheetname_and_rownumber(ContactUsSteps.java:32)
	at ✽.user fills the form from given sheetname &quot;contactus&quot; and rownumber 0(file:///Users/anilmore/eclipse-workspace/NaveenCucumber/src/test/resources/parallel/ContactUs.feature:5)
</pre></div></td>
<td>83</td>
<td>parallel.ParallelRun@78e4deb0</td></tr>
<tr>
<td title='parallel.ParallelRun.runScenario()'><b>runScenario</b><br>Test class: parallel.ParallelRun<br>Test method: Runs Cucumber Scenarios<br>Parameters: "Contact Us scenario with different set of data", "Optional[Contact Us Feature]"</td>
<td><div><pre>java.io.FileNotFoundException: /Users/naveenautomationlabs/Desktop/automation.xlsx
	at org.apache.poi.ss.usermodel.WorkbookFactory.create(WorkbookFactory.java:317)
	at org.apache.poi.ss.usermodel.WorkbookFactory.create(WorkbookFactory.java:295)
	at org.apache.poi.ss.usermodel.WorkbookFactory.create(WorkbookFactory.java:276)
	at com.qa.util.ExcelReader.getWorkBook(ExcelReader.java:44)
	at com.qa.util.ExcelReader.getSheetByName(ExcelReader.java:34)
	at com.qa.util.ExcelReader.getData(ExcelReader.java:23)
	at parallel.ContactUsSteps.user_fills_the_form_from_given_sheetname_and_rownumber(ContactUsSteps.java:32)
	at ✽.user fills the form from given sheetname &quot;contactus&quot; and rownumber 1(file:///Users/anilmore/eclipse-workspace/NaveenCucumber/src/test/resources/parallel/ContactUs.feature:5)
</pre></div><a href='#' onClick='toggleBox("stack-trace1103021868", this, "Click to show all stack frames", "Click to hide stack frames")'>Click to show all stack frames</a>
<div class='stack-trace' id='stack-trace1103021868'><pre>java.io.FileNotFoundException: /Users/naveenautomationlabs/Desktop/automation.xlsx
	at org.apache.poi.ss.usermodel.WorkbookFactory.create(WorkbookFactory.java:317)
	at org.apache.poi.ss.usermodel.WorkbookFactory.create(WorkbookFactory.java:295)
	at org.apache.poi.ss.usermodel.WorkbookFactory.create(WorkbookFactory.java:276)
	at com.qa.util.ExcelReader.getWorkBook(ExcelReader.java:44)
	at com.qa.util.ExcelReader.getSheetByName(ExcelReader.java:34)
	at com.qa.util.ExcelReader.getData(ExcelReader.java:23)
	at parallel.ContactUsSteps.user_fills_the_form_from_given_sheetname_and_rownumber(ContactUsSteps.java:32)
	at ✽.user fills the form from given sheetname &quot;contactus&quot; and rownumber 1(file:///Users/anilmore/eclipse-workspace/NaveenCucumber/src/test/resources/parallel/ContactUs.feature:5)
</pre></div></td>
<td>98</td>
<td>parallel.ParallelRun@78e4deb0</td></tr>
<tr>
<td title='parallel.ParallelRun.runScenario()'><b>runScenario</b><br>Test class: parallel.ParallelRun<br>Test method: Runs Cucumber Scenarios<br>Parameters: "Forgot Password link", "Optional[Login page feature]"</td>
<td><div><pre>org.openqa.selenium.NoSuchElementException: no such element: Unable to locate element: {&quot;method&quot;:&quot;link text&quot;,&quot;selector&quot;:&quot;Forgot your password?111&quot;}
  (Session info: chrome=102.0.5005.115)
For documentation on this error, please visit: https://www.seleniumhq.org/exceptions/no_such_element.html
Build info: version: &apos;3.141.59&apos;, revision: &apos;e82be7d358&apos;, time: &apos;2018-11-14T08:17:03&apos;
System info: host: &apos;ANILs-MacBook-Air.local&apos;, ip: &apos;2405:204:285:e53:ed05:6787:5516:f39e%en0&apos;, os.name: &apos;Mac OS X&apos;, os.arch: &apos;x86_64&apos;, os.version: &apos;11.4&apos;, java.version: &apos;16.0.2&apos;
Driver info: org.openqa.selenium.chrome.ChromeDriver
Capabilities {acceptInsecureCerts: false, browserName: chrome, browserVersion: 102.0.5005.115, chrome: {chromedriverVersion: 102.0.5005.61 (0e59bcc00cc4..., userDataDir: /var/folders/5y/jr1mf3tx1jx...}, goog:chromeOptions: {debuggerAddress: localhost:59153}, javascriptEnabled: true, networkConnectionEnabled: false, pageLoadStrategy: normal, platform: MAC, platformName: MAC, proxy: Proxy(), setWindowRect: true, strictFileInteractability: false, timeouts: {implicit: 0, pageLoad: 300000, script: 30000}, unhandledPromptBehavior: dismiss and notify, webauthn:extension:credBlob: true, webauthn:extension:largeBlob: true, webauthn:virtualAuthenticators: true}
Session ID: fae8a4f0ec7b7d5c8a05d362ad7c34c8
*** Element info: {Using=link text, value=Forgot your password?111}
	at java.base/jdk.internal.reflect.NativeConstructorAccessorImpl.newInstance0(Native Method)
	at java.base/jdk.internal.reflect.NativeConstructorAccessorImpl.newInstance(NativeConstructorAccessorImpl.java:78)
	at java.base/jdk.internal.reflect.DelegatingConstructorAccessorImpl.newInstance(DelegatingConstructorAccessorImpl.java:45)
	at java.base/java.lang.reflect.Constructor.newInstanceWithCaller(Constructor.java:499)
	at java.base/java.lang.reflect.Constructor.newInstance(Constructor.java:480)
	at org.openqa.selenium.remote.http.W3CHttpResponseCodec.createException(W3CHttpResponseCodec.java:187)
	at org.openqa.selenium.remote.http.W3CHttpResponseCodec.decode(W3CHttpResponseCodec.java:122)
	at org.openqa.selenium.remote.http.W3CHttpResponseCodec.decode(W3CHttpResponseCodec.java:49)
	at org.openqa.selenium.remote.HttpCommandExecutor.execute(HttpCommandExecutor.java:158)
	at org.openqa.selenium.remote.service.DriverCommandExecutor.execute(DriverCommandExecutor.java:83)
	at org.openqa.selenium.remote.RemoteWebDriver.execute(RemoteWebDriver.java:552)
	at org.openqa.selenium.remote.RemoteWebDriver.findElement(RemoteWebDriver.java:323)
	at org.openqa.selenium.remote.RemoteWebDriver.findElementByLinkText(RemoteWebDriver.java:380)
	at org.openqa.selenium.By$ByLinkText.findElement(By.java:220)
	at org.openqa.selenium.remote.RemoteWebDriver.findElement(RemoteWebDriver.java:315)
	at com.pages.LoginPage.isForgotPwdLinkExist(LoginPage.java:28)
	at parallel.LoginPageSteps.forgot_your_password_link_should_be_displayed(LoginPageSteps.java:37)
	at ✽.forgot your password link should be displayed(file:///Users/anilmore/eclipse-workspace/NaveenCucumber/src/test/resources/parallel/LoginPage.feature:10)
</pre></div><a href='#' onClick='toggleBox("stack-trace396092209", this, "Click to show all stack frames", "Click to hide stack frames")'>Click to show all stack frames</a>
<div class='stack-trace' id='stack-trace396092209'><pre>org.openqa.selenium.NoSuchElementException: no such element: Unable to locate element: {&quot;method&quot;:&quot;link text&quot;,&quot;selector&quot;:&quot;Forgot your password?111&quot;}
  (Session info: chrome=102.0.5005.115)
For documentation on this error, please visit: https://www.seleniumhq.org/exceptions/no_such_element.html
Build info: version: &apos;3.141.59&apos;, revision: &apos;e82be7d358&apos;, time: &apos;2018-11-14T08:17:03&apos;
System info: host: &apos;ANILs-MacBook-Air.local&apos;, ip: &apos;2405:204:285:e53:ed05:6787:5516:f39e%en0&apos;, os.name: &apos;Mac OS X&apos;, os.arch: &apos;x86_64&apos;, os.version: &apos;11.4&apos;, java.version: &apos;16.0.2&apos;
Driver info: org.openqa.selenium.chrome.ChromeDriver
Capabilities {acceptInsecureCerts: false, browserName: chrome, browserVersion: 102.0.5005.115, chrome: {chromedriverVersion: 102.0.5005.61 (0e59bcc00cc4..., userDataDir: /var/folders/5y/jr1mf3tx1jx...}, goog:chromeOptions: {debuggerAddress: localhost:59153}, javascriptEnabled: true, networkConnectionEnabled: false, pageLoadStrategy: normal, platform: MAC, platformName: MAC, proxy: Proxy(), setWindowRect: true, strictFileInteractability: false, timeouts: {implicit: 0, pageLoad: 300000, script: 30000}, unhandledPromptBehavior: dismiss and notify, webauthn:extension:credBlob: true, webauthn:extension:largeBlob: true, webauthn:virtualAuthenticators: true}
Session ID: fae8a4f0ec7b7d5c8a05d362ad7c34c8
*** Element info: {Using=link text, value=Forgot your password?111}
	at java.base/jdk.internal.reflect.NativeConstructorAccessorImpl.newInstance0(Native Method)
	at java.base/jdk.internal.reflect.NativeConstructorAccessorImpl.newInstance(NativeConstructorAccessorImpl.java:78)
	at java.base/jdk.internal.reflect.DelegatingConstructorAccessorImpl.newInstance(DelegatingConstructorAccessorImpl.java:45)
	at java.base/java.lang.reflect.Constructor.newInstanceWithCaller(Constructor.java:499)
	at java.base/java.lang.reflect.Constructor.newInstance(Constructor.java:480)
	at org.openqa.selenium.remote.http.W3CHttpResponseCodec.createException(W3CHttpResponseCodec.java:187)
	at org.openqa.selenium.remote.http.W3CHttpResponseCodec.decode(W3CHttpResponseCodec.java:122)
	at org.openqa.selenium.remote.http.W3CHttpResponseCodec.decode(W3CHttpResponseCodec.java:49)
	at org.openqa.selenium.remote.HttpCommandExecutor.execute(HttpCommandExecutor.java:158)
	at org.openqa.selenium.remote.service.DriverCommandExecutor.execute(DriverCommandExecutor.java:83)
	at org.openqa.selenium.remote.RemoteWebDriver.execute(RemoteWebDriver.java:552)
	at org.openqa.selenium.remote.RemoteWebDriver.findElement(RemoteWebDriver.java:323)
	at org.openqa.selenium.remote.RemoteWebDriver.findElementByLinkText(RemoteWebDriver.java:380)
	at org.openqa.selenium.By$ByLinkText.findElement(By.java:220)
	at org.openqa.selenium.remote.RemoteWebDriver.findElement(RemoteWebDriver.java:315)
	at com.pages.LoginPage.isForgotPwdLinkExist(LoginPage.java:28)
	at parallel.LoginPageSteps.forgot_your_password_link_should_be_displayed(LoginPageSteps.java:37)
	at ✽.forgot your password link should be displayed(file:///Users/anilmore/eclipse-workspace/NaveenCucumber/src/test/resources/parallel/LoginPage.feature:10)
</pre></div></td>
<td>105</td>
<td>parallel.ParallelRun@78e4deb0</td></tr>
<tr>
<td title='parallel.ParallelRun.runScenario()'><b>runScenario</b><br>Test class: parallel.ParallelRun<br>Test method: Runs Cucumber Scenarios<br>Parameters: "Contact Us scenario with different set of data", "Optional[Contact Us Feature]"</td>
<td><div><pre>java.io.FileNotFoundException: /Users/naveenautomationlabs/Desktop/automation.xlsx
	at org.apache.poi.ss.usermodel.WorkbookFactory.create(WorkbookFactory.java:317)
	at org.apache.poi.ss.usermodel.WorkbookFactory.create(WorkbookFactory.java:295)
	at org.apache.poi.ss.usermodel.WorkbookFactory.create(WorkbookFactory.java:276)
	at com.qa.util.ExcelReader.getWorkBook(ExcelReader.java:44)
	at com.qa.util.ExcelReader.getSheetByName(ExcelReader.java:34)
	at com.qa.util.ExcelReader.getData(ExcelReader.java:23)
	at parallel.ContactUsSteps.user_fills_the_form_from_given_sheetname_and_rownumber(ContactUsSteps.java:32)
	at ✽.user fills the form from given sheetname &quot;contactus&quot; and rownumber 3(file:///Users/anilmore/eclipse-workspace/NaveenCucumber/src/test/resources/parallel/ContactUs.feature:5)
</pre></div><a href='#' onClick='toggleBox("stack-trace1325317643", this, "Click to show all stack frames", "Click to hide stack frames")'>Click to show all stack frames</a>
<div class='stack-trace' id='stack-trace1325317643'><pre>java.io.FileNotFoundException: /Users/naveenautomationlabs/Desktop/automation.xlsx
	at org.apache.poi.ss.usermodel.WorkbookFactory.create(WorkbookFactory.java:317)
	at org.apache.poi.ss.usermodel.WorkbookFactory.create(WorkbookFactory.java:295)
	at org.apache.poi.ss.usermodel.WorkbookFactory.create(WorkbookFactory.java:276)
	at com.qa.util.ExcelReader.getWorkBook(ExcelReader.java:44)
	at com.qa.util.ExcelReader.getSheetByName(ExcelReader.java:34)
	at com.qa.util.ExcelReader.getData(ExcelReader.java:23)
	at parallel.ContactUsSteps.user_fills_the_form_from_given_sheetname_and_rownumber(ContactUsSteps.java:32)
	at ✽.user fills the form from given sheetname &quot;contactus&quot; and rownumber 3(file:///Users/anilmore/eclipse-workspace/NaveenCucumber/src/test/resources/parallel/ContactUs.feature:5)
</pre></div></td>
<td>129</td>
<td>parallel.ParallelRun@78e4deb0</td></tr>
<tr>
<td title='parallel.ParallelRun.runScenario()'><b>runScenario</b><br>Test class: parallel.ParallelRun<br>Test method: Runs Cucumber Scenarios<br>Parameters: "Contact Us scenario with different set of data", "Optional[Contact Us Feature]"</td>
<td><div><pre>java.io.FileNotFoundException: /Users/naveenautomationlabs/Desktop/automation.xlsx
	at org.apache.poi.ss.usermodel.WorkbookFactory.create(WorkbookFactory.java:317)
	at org.apache.poi.ss.usermodel.WorkbookFactory.create(WorkbookFactory.java:295)
	at org.apache.poi.ss.usermodel.WorkbookFactory.create(WorkbookFactory.java:276)
	at com.qa.util.ExcelReader.getWorkBook(ExcelReader.java:44)
	at com.qa.util.ExcelReader.getSheetByName(ExcelReader.java:34)
	at com.qa.util.ExcelReader.getData(ExcelReader.java:23)
	at parallel.ContactUsSteps.user_fills_the_form_from_given_sheetname_and_rownumber(ContactUsSteps.java:32)
	at ✽.user fills the form from given sheetname &quot;contactus&quot; and rownumber 5(file:///Users/anilmore/eclipse-workspace/NaveenCucumber/src/test/resources/parallel/ContactUs.feature:5)
</pre></div><a href='#' onClick='toggleBox("stack-trace1957782106", this, "Click to show all stack frames", "Click to hide stack frames")'>Click to show all stack frames</a>
<div class='stack-trace' id='stack-trace1957782106'><pre>java.io.FileNotFoundException: /Users/naveenautomationlabs/Desktop/automation.xlsx
	at org.apache.poi.ss.usermodel.WorkbookFactory.create(WorkbookFactory.java:317)
	at org.apache.poi.ss.usermodel.WorkbookFactory.create(WorkbookFactory.java:295)
	at org.apache.poi.ss.usermodel.WorkbookFactory.create(WorkbookFactory.java:276)
	at com.qa.util.ExcelReader.getWorkBook(ExcelReader.java:44)
	at com.qa.util.ExcelReader.getSheetByName(ExcelReader.java:34)
	at com.qa.util.ExcelReader.getData(ExcelReader.java:23)
	at parallel.ContactUsSteps.user_fills_the_form_from_given_sheetname_and_rownumber(ContactUsSteps.java:32)
	at ✽.user fills the form from given sheetname &quot;contactus&quot; and rownumber 5(file:///Users/anilmore/eclipse-workspace/NaveenCucumber/src/test/resources/parallel/ContactUs.feature:5)
</pre></div></td>
<td>134</td>
<td>parallel.ParallelRun@78e4deb0</td></tr>
<tr>
<td title='parallel.ParallelRun.runScenario()'><b>runScenario</b><br>Test class: parallel.ParallelRun<br>Test method: Runs Cucumber Scenarios<br>Parameters: "Contact Us scenario with different set of data", "Optional[Contact Us Feature]"</td>
<td><div><pre>java.io.FileNotFoundException: /Users/naveenautomationlabs/Desktop/automation.xlsx
	at org.apache.poi.ss.usermodel.WorkbookFactory.create(WorkbookFactory.java:317)
	at org.apache.poi.ss.usermodel.WorkbookFactory.create(WorkbookFactory.java:295)
	at org.apache.poi.ss.usermodel.WorkbookFactory.create(WorkbookFactory.java:276)
	at com.qa.util.ExcelReader.getWorkBook(ExcelReader.java:44)
	at com.qa.util.ExcelReader.getSheetByName(ExcelReader.java:34)
	at com.qa.util.ExcelReader.getData(ExcelReader.java:23)
	at parallel.ContactUsSteps.user_fills_the_form_from_given_sheetname_and_rownumber(ContactUsSteps.java:32)
	at ✽.user fills the form from given sheetname &quot;contactus&quot; and rownumber 2(file:///Users/anilmore/eclipse-workspace/NaveenCucumber/src/test/resources/parallel/ContactUs.feature:5)
</pre></div><a href='#' onClick='toggleBox("stack-trace850657194", this, "Click to show all stack frames", "Click to hide stack frames")'>Click to show all stack frames</a>
<div class='stack-trace' id='stack-trace850657194'><pre>java.io.FileNotFoundException: /Users/naveenautomationlabs/Desktop/automation.xlsx
	at org.apache.poi.ss.usermodel.WorkbookFactory.create(WorkbookFactory.java:317)
	at org.apache.poi.ss.usermodel.WorkbookFactory.create(WorkbookFactory.java:295)
	at org.apache.poi.ss.usermodel.WorkbookFactory.create(WorkbookFactory.java:276)
	at com.qa.util.ExcelReader.getWorkBook(ExcelReader.java:44)
	at com.qa.util.ExcelReader.getSheetByName(ExcelReader.java:34)
	at com.qa.util.ExcelReader.getData(ExcelReader.java:23)
	at parallel.ContactUsSteps.user_fills_the_form_from_given_sheetname_and_rownumber(ContactUsSteps.java:32)
	at ✽.user fills the form from given sheetname &quot;contactus&quot; and rownumber 2(file:///Users/anilmore/eclipse-workspace/NaveenCucumber/src/test/resources/parallel/ContactUs.feature:5)
</pre></div></td>
<td>146</td>
<td>parallel.ParallelRun@78e4deb0</td></tr>
<tr>
<td title='parallel.ParallelRun.runScenario()'><b>runScenario</b><br>Test class: parallel.ParallelRun<br>Test method: Runs Cucumber Scenarios<br>Parameters: "Contact Us scenario with different set of data", "Optional[Contact Us Feature]"</td>
<td><div><pre>org.openqa.selenium.TimeoutException: timeout: Timed out receiving message from renderer: 285.080
  (Session info: chrome=102.0.5005.115)
Build info: version: &apos;3.141.59&apos;, revision: &apos;e82be7d358&apos;, time: &apos;2018-11-14T08:17:03&apos;
System info: host: &apos;ANILs-MacBook-Air.local&apos;, ip: &apos;2405:204:285:e53:ed05:6787:5516:f39e%en0&apos;, os.name: &apos;Mac OS X&apos;, os.arch: &apos;x86_64&apos;, os.version: &apos;11.4&apos;, java.version: &apos;16.0.2&apos;
Driver info: org.openqa.selenium.chrome.ChromeDriver
Capabilities {acceptInsecureCerts: false, browserName: chrome, browserVersion: 102.0.5005.115, chrome: {chromedriverVersion: 102.0.5005.61 (0e59bcc00cc4..., userDataDir: /var/folders/5y/jr1mf3tx1jx...}, goog:chromeOptions: {debuggerAddress: localhost:59143}, javascriptEnabled: true, networkConnectionEnabled: false, pageLoadStrategy: normal, platform: MAC, platformName: MAC, proxy: Proxy(), setWindowRect: true, strictFileInteractability: false, timeouts: {implicit: 0, pageLoad: 300000, script: 30000}, unhandledPromptBehavior: dismiss and notify, webauthn:extension:credBlob: true, webauthn:extension:largeBlob: true, webauthn:virtualAuthenticators: true}
Session ID: 34efe54c7b884e7b6040a1e044e4b607
	at java.base/jdk.internal.reflect.NativeConstructorAccessorImpl.newInstance0(Native Method)
	at java.base/jdk.internal.reflect.NativeConstructorAccessorImpl.newInstance(NativeConstructorAccessorImpl.java:78)
	at java.base/jdk.internal.reflect.DelegatingConstructorAccessorImpl.newInstance(DelegatingConstructorAccessorImpl.java:45)
	at java.base/java.lang.reflect.Constructor.newInstanceWithCaller(Constructor.java:499)
	at java.base/java.lang.reflect.Constructor.newInstance(Constructor.java:480)
	at org.openqa.selenium.remote.http.W3CHttpResponseCodec.createException(W3CHttpResponseCodec.java:187)
	at org.openqa.selenium.remote.http.W3CHttpResponseCodec.decode(W3CHttpResponseCodec.java:122)
	at org.openqa.selenium.remote.http.W3CHttpResponseCodec.decode(W3CHttpResponseCodec.java:49)
	at org.openqa.selenium.remote.HttpCommandExecutor.execute(HttpCommandExecutor.java:158)
	at org.openqa.selenium.remote.service.DriverCommandExecutor.execute(DriverCommandExecutor.java:83)
	at org.openqa.selenium.remote.RemoteWebDriver.execute(RemoteWebDriver.java:552)
	at org.openqa.selenium.remote.RemoteWebDriver.get(RemoteWebDriver.java:277)
	at parallel.ContactUsSteps.user_navigates_to_contact_us_page(ContactUsSteps.java:24)
	at ✽.user navigates to contact us page(file:///Users/anilmore/eclipse-workspace/NaveenCucumber/src/test/resources/parallel/ContactUs.feature:4)
</pre></div><a href='#' onClick='toggleBox("stack-trace1843617687", this, "Click to show all stack frames", "Click to hide stack frames")'>Click to show all stack frames</a>
<div class='stack-trace' id='stack-trace1843617687'><pre>org.openqa.selenium.TimeoutException: timeout: Timed out receiving message from renderer: 285.080
  (Session info: chrome=102.0.5005.115)
Build info: version: &apos;3.141.59&apos;, revision: &apos;e82be7d358&apos;, time: &apos;2018-11-14T08:17:03&apos;
System info: host: &apos;ANILs-MacBook-Air.local&apos;, ip: &apos;2405:204:285:e53:ed05:6787:5516:f39e%en0&apos;, os.name: &apos;Mac OS X&apos;, os.arch: &apos;x86_64&apos;, os.version: &apos;11.4&apos;, java.version: &apos;16.0.2&apos;
Driver info: org.openqa.selenium.chrome.ChromeDriver
Capabilities {acceptInsecureCerts: false, browserName: chrome, browserVersion: 102.0.5005.115, chrome: {chromedriverVersion: 102.0.5005.61 (0e59bcc00cc4..., userDataDir: /var/folders/5y/jr1mf3tx1jx...}, goog:chromeOptions: {debuggerAddress: localhost:59143}, javascriptEnabled: true, networkConnectionEnabled: false, pageLoadStrategy: normal, platform: MAC, platformName: MAC, proxy: Proxy(), setWindowRect: true, strictFileInteractability: false, timeouts: {implicit: 0, pageLoad: 300000, script: 30000}, unhandledPromptBehavior: dismiss and notify, webauthn:extension:credBlob: true, webauthn:extension:largeBlob: true, webauthn:virtualAuthenticators: true}
Session ID: 34efe54c7b884e7b6040a1e044e4b607
	at java.base/jdk.internal.reflect.NativeConstructorAccessorImpl.newInstance0(Native Method)
	at java.base/jdk.internal.reflect.NativeConstructorAccessorImpl.newInstance(NativeConstructorAccessorImpl.java:78)
	at java.base/jdk.internal.reflect.DelegatingConstructorAccessorImpl.newInstance(DelegatingConstructorAccessorImpl.java:45)
	at java.base/java.lang.reflect.Constructor.newInstanceWithCaller(Constructor.java:499)
	at java.base/java.lang.reflect.Constructor.newInstance(Constructor.java:480)
	at org.openqa.selenium.remote.http.W3CHttpResponseCodec.createException(W3CHttpResponseCodec.java:187)
	at org.openqa.selenium.remote.http.W3CHttpResponseCodec.decode(W3CHttpResponseCodec.java:122)
	at org.openqa.selenium.remote.http.W3CHttpResponseCodec.decode(W3CHttpResponseCodec.java:49)
	at org.openqa.selenium.remote.HttpCommandExecutor.execute(HttpCommandExecutor.java:158)
	at org.openqa.selenium.remote.service.DriverCommandExecutor.execute(DriverCommandExecutor.java:83)
	at org.openqa.selenium.remote.RemoteWebDriver.execute(RemoteWebDriver.java:552)
	at org.openqa.selenium.remote.RemoteWebDriver.get(RemoteWebDriver.java:277)
	at parallel.ContactUsSteps.user_navigates_to_contact_us_page(ContactUsSteps.java:24)
	at ✽.user navigates to contact us page(file:///Users/anilmore/eclipse-workspace/NaveenCucumber/src/test/resources/parallel/ContactUs.feature:4)
</pre></div></td>
<td>374</td>
<td>parallel.ParallelRun@78e4deb0</td></tr>
</table><p>
<table width='100%' border='1' class='invocation-passed'>
<tr><td colspan='4' align='center'><b>PASSED TESTS</b></td></tr>
<tr><td><b>Test method</b></td>
<td width="30%"><b>Exception</b></td>
<td width="10%"><b>Time (seconds)</b></td>
<td><b>Instance</b></td>
</tr>
<tr>
<td title='parallel.ParallelRun.runScenario()'><b>runScenario</b><br>Test class: parallel.ParallelRun<br>Test method: Runs Cucumber Scenarios<br>Parameters: "Accounts section count", "Optional[Account Page Feature]"</td>
<td></td>
<td>116</td>
<td>parallel.ParallelRun@78e4deb0</td></tr>
<tr>
<td title='parallel.ParallelRun.runScenario()'><b>runScenario</b><br>Test class: parallel.ParallelRun<br>Test method: Runs Cucumber Scenarios<br>Parameters: "Login with correct credentials", "Optional[Login page feature]"</td>
<td></td>
<td>45</td>
<td>parallel.ParallelRun@78e4deb0</td></tr>
<tr>
<td title='parallel.ParallelRun.runScenario()'><b>runScenario</b><br>Test class: parallel.ParallelRun<br>Test method: Runs Cucumber Scenarios<br>Parameters: "Accounts section count", "Optional[Account Page Feature]"</td>
<td></td>
<td>56</td>
<td>parallel.ParallelRun@78e4deb0</td></tr>
<tr>
<td title='parallel.ParallelRun.runScenario()'><b>runScenario</b><br>Test class: parallel.ParallelRun<br>Test method: Runs Cucumber Scenarios<br>Parameters: "Accounts page title", "Optional[Account Page Feature]"</td>
<td></td>
<td>63</td>
<td>parallel.ParallelRun@78e4deb0</td></tr>
<tr>
<td title='parallel.ParallelRun.runScenario()'><b>runScenario</b><br>Test class: parallel.ParallelRun<br>Test method: Runs Cucumber Scenarios<br>Parameters: "Accounts page title", "Optional[Account Page Feature]"</td>
<td></td>
<td>175</td>
<td>parallel.ParallelRun@78e4deb0</td></tr>
<tr>
<td title='parallel.ParallelRun.runScenario()'><b>runScenario</b><br>Test class: parallel.ParallelRun<br>Test method: Runs Cucumber Scenarios<br>Parameters: "Login page title", "Optional[Login page feature]"</td>
<td></td>
<td>222</td>
<td>parallel.ParallelRun@78e4deb0</td></tr>
</table><p>
</body>
</html>